<?xml version="1.0" encoding="UTF-8"?>
<!-- Generated by org.testng.reporters.JUnitReportReporter -->
<testsuite hostname="Icarus-Laptop" name="search.NodeTest" tests="6" failures="0" timestamp="4 Mar 2014 12:55:43 GMT" time="0.027" errors="0">
  <testcase name="testGetState" time="0.001" classname="search.NodeTest"/>
  <testcase name="testGetDepth" time="0.001" classname="search.NodeTest"/>
  <testcase name="testGetParent" time="0.001" classname="search.NodeTest"/>
  <testcase name="testGetAction" time="0.012" classname="search.NodeTest"/>
  <testcase name="testConstructor" time="0.011" classname="search.NodeTest"/>
  <testcase name="testGetActionArray" time="0.001" classname="search.NodeTest"/>
</testsuite> <!-- search.NodeTest -->
