<?xml version="1.0" encoding="UTF-8"?>
<!-- Generated by org.testng.reporters.JUnitReportReporter -->
<testsuite hostname="Andrew-PC" name="search.SearchTest" tests="2" failures="0" timestamp="3 Mar 2014 22:57:56 GMT" time="6.700" errors="0">
  <testcase name="testBFS" time="6.261" classname="search.SearchTest"/>
  <testcase name="testDFS" time="0.439" classname="search.SearchTest"/>
</testsuite> <!-- search.SearchTest -->
