<?xml version="1.0" encoding="UTF-8"?>
<!-- Generated by org.testng.reporters.JUnitReportReporter -->
<testsuite hostname="Andrew-PC" name="search.SearchTest" tests="3" failures="0" timestamp="25 Mar 2014 13:50:50 GMT" time="10.035" errors="0">
  <testcase name="testBFS" time="6.070" classname="search.SearchTest"/>
  <testcase name="testAstar" time="3.918" classname="search.SearchTest"/>
  <testcase name="testDFS" time="0.047" classname="search.SearchTest"/>
</testsuite> <!-- search.SearchTest -->
