<?xml version="1.0" encoding="UTF-8"?>
<!-- Generated by org.testng.reporters.JUnitReportReporter -->
<testsuite hostname="Andrew-PC" name="search.NodeTest" tests="6" failures="0" timestamp="3 Mar 2014 22:38:13 GMT" time="0.017" errors="0">
  <testcase name="testGetState" time="0.001" classname="search.NodeTest"/>
  <testcase name="testConstructor" time="0.006" classname="search.NodeTest"/>
  <testcase name="testGetParent" time="0.001" classname="search.NodeTest"/>
  <testcase name="testGetDepth" time="0.000" classname="search.NodeTest"/>
  <testcase name="testGetAction" time="0.000" classname="search.NodeTest"/>
  <testcase name="testGetActionArray" time="0.009" classname="search.NodeTest"/>
</testsuite> <!-- search.NodeTest -->
